
> qaznedr-app@0.1.0 build
> next build

   ▲ Next.js 15.3.4
   - Environments: .env.local

   Creating an optimized production build ...
Failed to compile.

./src/styles/globals.css.webpack[javascript/auto]!=!./node_modules/next/dist/build/webpack/loaders/css-loader/src/index.js??ruleSet[1].rules[13].oneOf[10].use[2]!./node_modules/next/dist/build/webpack/loaders/postcss-loader/src/index.js??ruleSet[1].rules[13].oneOf[10].use[3]!./src/styles/globals.css
Error: Cannot find module 'autoprefixer'
Require stack:
- /Users/yerlankulumgariyev/Documents/qaznedr-app/node_modules/next/dist/build/webpack/config/blocks/css/plugins.js
- /Users/yerlankulumgariyev/Documents/qaznedr-app/node_modules/next/dist/build/webpack/config/blocks/css/index.js
- /Users/yerlankulumgariyev/Documents/qaznedr-app/node_modules/next/dist/build/webpack/config/index.js
- /Users/yerlankulumgariyev/Documents/qaznedr-app/node_modules/next/dist/build/webpack-config.js
- /Users/yerlankulumgariyev/Documents/qaznedr-app/node_modules/next/dist/build/webpack/plugins/next-trace-entrypoints-plugin.js
- /Users/yerlankulumgariyev/Documents/qaznedr-app/node_modules/next/dist/build/collect-build-traces.js
- /Users/yerlankulumgariyev/Documents/qaznedr-app/node_modules/next/dist/build/index.js
- /Users/yerlankulumgariyev/Documents/qaznedr-app/node_modules/next/dist/cli/next-build.js
    at Function.<anonymous> (node:internal/modules/cjs/loader:1383:15)
    at /Users/yerlankulumgariyev/Documents/qaznedr-app/node_modules/next/dist/server/require-hook.js:55:36
    at Function.resolve (node:internal/modules/helpers:157:19)
    at loadPlugin (/Users/yerlankulumgariyev/Documents/qaznedr-app/node_modules/next/dist/build/webpack/config/blocks/css/plugins.js:53:32)
    at /Users/yerlankulumgariyev/Documents/qaznedr-app/node_modules/next/dist/build/webpack/config/blocks/css/plugins.js:185:56
    at Array.map (<anonymous>)
    at getPostCssPlugins (/Users/yerlankulumgariyev/Documents/qaznedr-app/node_modules/next/dist/build/webpack/config/blocks/css/plugins.js:185:47)
    at async /Users/yerlankulumgariyev/Documents/qaznedr-app/node_modules/next/dist/build/webpack/config/blocks/css/index.js:125:36
    at async /Users/yerlankulumgariyev/Documents/qaznedr-app/node_modules/next/dist/build/webpack/loaders/postcss-loader/src/index.js:52:40
    at async Span.traceAsyncFn (/Users/yerlankulumgariyev/Documents/qaznedr-app/node_modules/next/dist/trace/trace.js:157:20)

Import trace for requested module:
./src/styles/globals.css.webpack[javascript/auto]!=!./node_modules/next/dist/build/webpack/loaders/css-loader/src/index.js??ruleSet[1].rules[13].oneOf[10].use[2]!./node_modules/next/dist/build/webpack/loaders/postcss-loader/src/index.js??ruleSet[1].rules[13].oneOf[10].use[3]!./src/styles/globals.css
./src/styles/globals.css

./src/styles/globals.css
Error: Cannot find module 'autoprefixer'
Require stack:
- /Users/yerlankulumgariyev/Documents/qaznedr-app/node_modules/next/dist/build/webpack/config/blocks/css/plugins.js
- /Users/yerlankulumgariyev/Documents/qaznedr-app/node_modules/next/dist/build/webpack/config/blocks/css/index.js
- /Users/yerlankulumgariyev/Documents/qaznedr-app/node_modules/next/dist/build/webpack/config/index.js
- /Users/yerlankulumgariyev/Documents/qaznedr-app/node_modules/next/dist/build/webpack-config.js
- /Users/yerlankulumgariyev/Documents/qaznedr-app/node_modules/next/dist/build/webpack/plugins/next-trace-entrypoints-plugin.js
- /Users/yerlankulumgariyev/Documents/qaznedr-app/node_modules/next/dist/build/collect-build-traces.js
- /Users/yerlankulumgariyev/Documents/qaznedr-app/node_modules/next/dist/build/index.js
- /Users/yerlankulumgariyev/Documents/qaznedr-app/node_modules/next/dist/cli/next-build.js
    at Function.<anonymous> (node:internal/modules/cjs/loader:1383:15)
    at /Users/yerlankulumgariyev/Documents/qaznedr-app/node_modules/next/dist/server/require-hook.js:55:36
    at Function.resolve (node:internal/modules/helpers:157:19)
    at loadPlugin (/Users/yerlankulumgariyev/Documents/qaznedr-app/node_modules/next/dist/build/webpack/config/blocks/css/plugins.js:53:32)
    at /Users/yerlankulumgariyev/Documents/qaznedr-app/node_modules/next/dist/build/webpack/config/blocks/css/plugins.js:185:56
    at Array.map (<anonymous>)
    at getPostCssPlugins (/Users/yerlankulumgariyev/Documents/qaznedr-app/node_modules/next/dist/build/webpack/config/blocks/css/plugins.js:185:47)
    at async /Users/yerlankulumgariyev/Documents/qaznedr-app/node_modules/next/dist/build/webpack/config/blocks/css/index.js:125:36
    at async /Users/yerlankulumgariyev/Documents/qaznedr-app/node_modules/next/dist/build/webpack/loaders/postcss-loader/src/index.js:52:40
    at async Span.traceAsyncFn (/Users/yerlankulumgariyev/Documents/qaznedr-app/node_modules/next/dist/trace/trace.js:157:20)
    at tryRunOrWebpackError (/Users/yerlankulumgariyev/Documents/qaznedr-app/node_modules/next/dist/compiled/webpack/bundle5.js:29:316142)
    at __webpack_require_module__ (/Users/yerlankulumgariyev/Documents/qaznedr-app/node_modules/next/dist/compiled/webpack/bundle5.js:29:131548)
    at __nested_webpack_require_161494__ (/Users/yerlankulumgariyev/Documents/qaznedr-app/node_modules/next/dist/compiled/webpack/bundle5.js:29:130983)
    at /Users/yerlankulumgariyev/Documents/qaznedr-app/node_modules/next/dist/compiled/webpack/bundle5.js:29:131840
    at symbolIterator (/Users/yerlankulumgariyev/Documents/qaznedr-app/node_modules/next/dist/compiled/neo-async/async.js:1:14444)
    at done (/Users/yerlankulumgariyev/Documents/qaznedr-app/node_modules/next/dist/compiled/neo-async/async.js:1:14824)
    at Hook.eval [as callAsync] (eval at create (/Users/yerlankulumgariyev/Documents/qaznedr-app/node_modules/next/dist/compiled/webpack/bundle5.js:14:9224), <anonymous>:15:1)
    at Hook.CALL_ASYNC_DELEGATE [as _callAsync] (/Users/yerlankulumgariyev/Documents/qaznedr-app/node_modules/next/dist/compiled/webpack/bundle5.js:14:6378)
    at /Users/yerlankulumgariyev/Documents/qaznedr-app/node_modules/next/dist/compiled/webpack/bundle5.js:29:130703
    at symbolIterator (/Users/yerlankulumgariyev/Documents/qaznedr-app/node_modules/next/dist/compiled/neo-async/async.js:1:14402)
-- inner error --
Error: Cannot find module 'autoprefixer'
Require stack:
- /Users/yerlankulumgariyev/Documents/qaznedr-app/node_modules/next/dist/build/webpack/config/blocks/css/plugins.js
- /Users/yerlankulumgariyev/Documents/qaznedr-app/node_modules/next/dist/build/webpack/config/blocks/css/index.js
- /Users/yerlankulumgariyev/Documents/qaznedr-app/node_modules/next/dist/build/webpack/config/index.js
- /Users/yerlankulumgariyev/Documents/qaznedr-app/node_modules/next/dist/build/webpack-config.js
- /Users/yerlankulumgariyev/Documents/qaznedr-app/node_modules/next/dist/build/webpack/plugins/next-trace-entrypoints-plugin.js
- /Users/yerlankulumgariyev/Documents/qaznedr-app/node_modules/next/dist/build/collect-build-traces.js
- /Users/yerlankulumgariyev/Documents/qaznedr-app/node_modules/next/dist/build/index.js
- /Users/yerlankulumgariyev/Documents/qaznedr-app/node_modules/next/dist/cli/next-build.js
    at Function.<anonymous> (node:internal/modules/cjs/loader:1383:15)
    at /Users/yerlankulumgariyev/Documents/qaznedr-app/node_modules/next/dist/server/require-hook.js:55:36
    at Function.resolve (node:internal/modules/helpers:157:19)
    at loadPlugin (/Users/yerlankulumgariyev/Documents/qaznedr-app/node_modules/next/dist/build/webpack/config/blocks/css/plugins.js:53:32)
    at /Users/yerlankulumgariyev/Documents/qaznedr-app/node_modules/next/dist/build/webpack/config/blocks/css/plugins.js:185:56
    at Array.map (<anonymous>)
    at getPostCssPlugins (/Users/yerlankulumgariyev/Documents/qaznedr-app/node_modules/next/dist/build/webpack/config/blocks/css/plugins.js:185:47)
    at async /Users/yerlankulumgariyev/Documents/qaznedr-app/node_modules/next/dist/build/webpack/config/blocks/css/index.js:125:36
    at async /Users/yerlankulumgariyev/Documents/qaznedr-app/node_modules/next/dist/build/webpack/loaders/postcss-loader/src/index.js:52:40
    at async Span.traceAsyncFn (/Users/yerlankulumgariyev/Documents/qaznedr-app/node_modules/next/dist/trace/trace.js:157:20)
    at Object.<anonymous> (/Users/yerlankulumgariyev/Documents/qaznedr-app/node_modules/next/dist/build/webpack/loaders/css-loader/src/index.js??ruleSet[1].rules[13].oneOf[10].use[2]!/Users/yerlankulumgariyev/Documents/qaznedr-app/node_modules/next/dist/build/webpack/loaders/postcss-loader/src/index.js??ruleSet[1].rules[13].oneOf[10].use[3]!/Users/yerlankulumgariyev/Documents/qaznedr-app/src/styles/globals.css:1:7)
    at /Users/yerlankulumgariyev/Documents/qaznedr-app/node_modules/next/dist/compiled/webpack/bundle5.js:29:962742
    at Hook.eval [as call] (eval at create (/Users/yerlankulumgariyev/Documents/qaznedr-app/node_modules/next/dist/compiled/webpack/bundle5.js:14:9002), <anonymous>:7:1)
    at Hook.CALL_DELEGATE [as _call] (/Users/yerlankulumgariyev/Documents/qaznedr-app/node_modules/next/dist/compiled/webpack/bundle5.js:14:6272)
    at /Users/yerlankulumgariyev/Documents/qaznedr-app/node_modules/next/dist/compiled/webpack/bundle5.js:29:131581
    at tryRunOrWebpackError (/Users/yerlankulumgariyev/Documents/qaznedr-app/node_modules/next/dist/compiled/webpack/bundle5.js:29:316096)
    at __webpack_require_module__ (/Users/yerlankulumgariyev/Documents/qaznedr-app/node_modules/next/dist/compiled/webpack/bundle5.js:29:131548)
    at __nested_webpack_require_161494__ (/Users/yerlankulumgariyev/Documents/qaznedr-app/node_modules/next/dist/compiled/webpack/bundle5.js:29:130983)
    at /Users/yerlankulumgariyev/Documents/qaznedr-app/node_modules/next/dist/compiled/webpack/bundle5.js:29:131840
    at symbolIterator (/Users/yerlankulumgariyev/Documents/qaznedr-app/node_modules/next/dist/compiled/neo-async/async.js:1:14444)

Generated code for /Users/yerlankulumgariyev/Documents/qaznedr-app/node_modules/next/dist/build/webpack/loaders/css-loader/src/index.js??ruleSet[1].rules[13].oneOf[10].use[2]!/Users/yerlankulumgariyev/Documents/qaznedr-app/node_modules/next/dist/build/webpack/loaders/postcss-loader/src/index.js??ruleSet[1].rules[13].oneOf[10].use[3]!/Users/yerlankulumgariyev/Documents/qaznedr-app/src/styles/globals.css

Import trace for requested module:
./src/styles/globals.css


> Build failed because of webpack errors
